<?xml version="1.0" encoding="UTF-8"?>
<!-- Generated by org.testng.reporters.JUnitXMLReporter -->
<testsuite ignored="0" hostname="DESKTOP-ICEIOGC" failures="1" tests="1" name="EdgeTest" time="0.009" errors="0" timestamp="2023-05-25T10:52:39 IST">
  <testcase classname="testNGExecution.SelectBrowser" name="method1" time="0.0">
    <failure type="org.testng.TestNGException" message="
Parameter &amp;apos;browser&amp;apos; is required by @Test on method method1 but has not been marked @Optional or defined
in C:\Users\DELL\git\wcsm8repository\wcsm8seleniumproject\testngSelectBrowser.xml">
      <![CDATA[org.testng.TestNGException: 
Parameter 'browser' is required by @Test on method method1 but has not been marked @Optional or defined
in C:\Users\DELL\git\wcsm8repository\wcsm8seleniumproject\testngSelectBrowser.xml
at java.base/java.util.ArrayList.forEach(ArrayList.java:1511)
... Removed 26 stack frames]]>
    </failure>
  </testcase> <!-- method1 -->
</testsuite> <!-- EdgeTest -->
